<?xml version="1.0" encoding="UTF-8"?>
<!-- Generated by org.testng.reporters.JUnitXMLReporter -->
<testsuite ignored="0" hostname="Om-Satapthy01" failures="0" tests="5" name="Default test" time="5.468" errors="0" timestamp="2024-02-19T15:24:37 IST">
  <testcase classname="com.sonicjobs.apitest.StagingUS" name="forceUpdate_us" time="1.417"/>
  <testcase classname="com.sonicjobs.apitest.StagingUS" name="login_existinguser_us" time="0.863"/>
  <testcase classname="com.sonicjobs.apitest.StagingUS" name="login_existinguser2_us" time="0.88"/>
  <testcase classname="com.sonicjobs.apitest.StagingUS" name="newSearch" time="1.133"/>
  <testcase classname="com.sonicjobs.apitest.StagingUS" name="newSerach2" time="1.161"/>
</testsuite> <!-- Default test -->
