<?xml version="1.0" encoding="UTF-8"?>
<!-- Generated by org.testng.reporters.JUnitXMLReporter -->
<testsuite ignored="0" hostname="Om-Satapthy01" failures="0" tests="3" name="Default test" time="4.843" errors="0" timestamp="2024-02-21T11:51:45 IST">
  <testcase classname="com.sonicjobs.apitest.ProdUS_Login" name="forceUpdateProdus" time="1.585"/>
  <testcase classname="com.sonicjobs.apitest.ProdUS_Login" name="login_existinguser_us" time="1.603"/>
  <testcase classname="com.sonicjobs.apitest.ProdUS_Login" name="login_existinguser2_us" time="1.617"/>
</testsuite> <!-- Default test -->
