<?xml version="1.0" encoding="UTF-8"?>
<!-- Generated by org.testng.reporters.JUnitXMLReporter -->
<testsuite ignored="0" hostname="Om-Satapthy01" failures="0" tests="4" name="Test" time="4.755" errors="0" timestamp="2023-11-30T11:48:07 IST">
  <testcase classname="com.usertest.forceUpdate" name="forceUpdate" time="1.639"/>
  <testcase classname="com.usertest.forceUpdate" name="forceUpdate_us" time="0.779"/>
  <testcase classname="com.usertest.forceUpdate" name="login_existinguser_uk" time="1.577"/>
  <testcase classname="com.usertest.forceUpdate" name="login_existinguser_us" time="0.744"/>
</testsuite> <!-- Test -->
