<?xml version="1.0" encoding="UTF-8"?>
<!-- Generated by org.testng.reporters.JUnitXMLReporter -->
<testsuite ignored="0" hostname="Om-Satapthy01" failures="0" tests="10" name="Test" time="12.648" errors="0" timestamp="2024-02-12T14:02:06 IST">
  <testcase classname="com.usertest.UKUSer" name="forceUpdate" time="1.805"/>
  <testcase classname="com.usertest.UKUSer" name="login_existinguser_uk" time="0.968"/>
  <testcase classname="com.usertest.UKUSer" name="oldSearch" time="1.339"/>
  <testcase classname="com.usertest.UKUSer" name="login_existinguser2_uk" time="0.934"/>
  <testcase classname="com.usertest.UKUSer" name="newSearch" time="1.209"/>
  <testcase classname="com.usertest.US" name="forceUpdate_us" time="0.932"/>
  <testcase classname="com.usertest.US" name="login_existinguser_us" time="0.859"/>
  <testcase classname="com.usertest.US" name="login_existinguser2_us" time="1.839"/>
  <testcase classname="com.usertest.US" name="newSearch" time="1.297"/>
  <testcase classname="com.usertest.US" name="newSerach2" time="1.449"/>
</testsuite> <!-- Test -->
