<?xml version="1.0" encoding="UTF-8"?>
<!-- Generated by org.testng.reporters.JUnitXMLReporter -->
<testsuite ignored="0" hostname="Om-Satapthy01" failures="0" tests="10" name="Test" time="9.862" errors="0" timestamp="2024-02-19T17:20:23 IST">
  <testcase classname="com.sonicjobs.apitest.ProdUS_Login" name="forceUpdate_produs" time="1.689"/>
  <testcase classname="com.sonicjobs.apitest.ProdUK_Login" name="forceUpdate_produk" time="1.689"/>
  <testcase classname="com.sonicjobs.apitest.ProdUK_Login" name="login_existinguser_uk" time="1.365"/>
  <testcase classname="com.sonicjobs.apitest.ProdUS_Login" name="login_existinguser_us" time="1.567"/>
  <testcase classname="com.sonicjobs.apitest.ProdUK_Search" name="oldSearch" time="1.826"/>
  <testcase classname="com.sonicjobs.apitest.ProdUS_Search" name="newSearch" time="1.794"/>
  <testcase classname="com.sonicjobs.apitest.ProdUK_Login" name="login_existinguser2_uk" time="1.335"/>
  <testcase classname="com.sonicjobs.apitest.ProdUS_Login" name="login_existinguser2_us" time="1.571"/>
  <testcase classname="com.sonicjobs.apitest.ProdUK_Search" name="newSearch" time="2.098"/>
  <testcase classname="com.sonicjobs.apitest.ProdUS_Search" name="newSerach2" time="3.224"/>
</testsuite> <!-- Test -->
