<?xml version="1.0" encoding="UTF-8"?>
<!-- Generated by org.testng.reporters.JUnitXMLReporter -->
<testsuite ignored="0" hostname="Om-Satapthy01" failures="0" tests="10" name="Test" time="11.242" errors="0" timestamp="2024-02-19T14:47:02 IST">
  <testcase classname="com.sonicjobs.apitest.StagingUK" name="forceUpdate_staginguk" time="1.717"/>
  <testcase classname="com.sonicjobs.apitest.StagingUK" name="login_existinguser_staginguk" time="0.952"/>
  <testcase classname="com.sonicjobs.apitest.StagingUK" name="oldSearch" time="1.342"/>
  <testcase classname="com.sonicjobs.apitest.StagingUK" name="login_existinguser2_uk" time="1.213"/>
  <testcase classname="com.sonicjobs.apitest.StagingUK" name="newSearch" time="0.963"/>
  <testcase classname="com.sonicjobs.apitest.StagingUS" name="forceUpdate_us" time="0.875"/>
  <testcase classname="com.sonicjobs.apitest.StagingUS" name="login_existinguser_us" time="0.821"/>
  <testcase classname="com.sonicjobs.apitest.StagingUS" name="login_existinguser2_us" time="1.182"/>
  <testcase classname="com.sonicjobs.apitest.StagingUS" name="newSearch" time="1.01"/>
  <testcase classname="com.sonicjobs.apitest.StagingUS" name="newSerach2" time="1.143"/>
</testsuite> <!-- Test -->
