<?xml version="1.0" encoding="UTF-8"?>
<testng-results ignored="0" total="6" passed="6" failed="0" skipped="0">
  <reporter-output>
  </reporter-output>
  <suite started-at="2023-12-04T15:43:38 IST" name="Suite" finished-at="2023-12-04T15:43:57 IST" duration-ms="18920">
    <groups>
    </groups>
    <test started-at="2023-12-04T15:43:38 IST" name="Test" finished-at="2023-12-04T15:43:57 IST" duration-ms="18920">
      <class name="com.usertest.US">
        <test-method signature="forceUpdate_us()[pri:0, instance:com.usertest.US@41ee392b]" started-at="2023-12-04T15:43:48 IST" name="forceUpdate_us" finished-at="2023-12-04T15:43:49 IST" duration-ms="1112" status="PASS">
          <reporter-output>
          </reporter-output>
        </test-method> <!-- forceUpdate_us -->
        <test-method signature="login_existinguser_us()[pri:0, instance:com.usertest.US@41ee392b]" started-at="2023-12-04T15:43:49 IST" name="login_existinguser_us" finished-at="2023-12-04T15:43:55 IST" duration-ms="5851" status="PASS">
          <reporter-output>
          </reporter-output>
        </test-method> <!-- login_existinguser_us -->
        <test-method signature="newSearch()[pri:0, instance:com.usertest.US@41ee392b]" started-at="2023-12-04T15:43:55 IST" name="newSearch" finished-at="2023-12-04T15:43:57 IST" duration-ms="2187" status="PASS">
          <reporter-output>
          </reporter-output>
        </test-method> <!-- newSearch -->
      </class> <!-- com.usertest.US -->
      <class name="com.usertest.UKUSer">
        <test-method signature="forceUpdate()[pri:0, instance:com.usertest.UKUSer@44a664f2]" started-at="2023-12-04T15:43:38 IST" name="forceUpdate" finished-at="2023-12-04T15:43:40 IST" duration-ms="1614" status="PASS">
          <reporter-output>
          </reporter-output>
        </test-method> <!-- forceUpdate -->
        <test-method signature="login_existinguser_uk()[pri:0, instance:com.usertest.UKUSer@44a664f2]" started-at="2023-12-04T15:43:40 IST" name="login_existinguser_uk" finished-at="2023-12-04T15:43:41 IST" duration-ms="1015" status="PASS">
          <reporter-output>
          </reporter-output>
        </test-method> <!-- login_existinguser_uk -->
        <test-method signature="newSearch()[pri:0, instance:com.usertest.UKUSer@44a664f2]" started-at="2023-12-04T15:43:41 IST" name="newSearch" finished-at="2023-12-04T15:43:48 IST" duration-ms="7125" status="PASS">
          <reporter-output>
          </reporter-output>
        </test-method> <!-- newSearch -->
      </class> <!-- com.usertest.UKUSer -->
    </test> <!-- Test -->
  </suite> <!-- Suite -->
</testng-results>
