<?xml version="1.0" encoding="UTF-8"?>
<testng-results ignored="0" total="10" passed="10" failed="0" skipped="0">
  <reporter-output>
  </reporter-output>
  <suite started-at="2024-02-21T12:35:43 IST" name="Suite" finished-at="2024-02-21T12:35:55 IST" duration-ms="12597">
    <groups>
    </groups>
    <test started-at="2024-02-21T12:35:43 IST" name="Test" finished-at="2024-02-21T12:35:55 IST" duration-ms="12597">
      <class name="com.sonicjobs.apitest.ProdUK_Login">
        <test-method signature="forceUpdateProduk()[pri:1, instance:com.sonicjobs.apitest.ProdUK_Login@66498326]" started-at="2024-02-21T12:35:43 IST" name="forceUpdateProduk" finished-at="2024-02-21T12:35:44 IST" duration-ms="1610" status="PASS">
          <reporter-output>
          </reporter-output>
        </test-method> <!-- forceUpdateProduk -->
        <test-method signature="loginExistinguserUk()[pri:2, instance:com.sonicjobs.apitest.ProdUK_Login@66498326]" started-at="2024-02-21T12:35:44 IST" name="loginExistinguserUk" finished-at="2024-02-21T12:35:46 IST" duration-ms="1591" status="PASS">
          <reporter-output>
          </reporter-output>
        </test-method> <!-- loginExistinguserUk -->
        <test-method signature="loginExistinguser2Uk()[pri:3, instance:com.sonicjobs.apitest.ProdUK_Login@66498326]" started-at="2024-02-21T12:35:48 IST" name="loginExistinguser2Uk" finished-at="2024-02-21T12:35:50 IST" duration-ms="1379" status="PASS">
          <reporter-output>
          </reporter-output>
        </test-method> <!-- loginExistinguser2Uk -->
      </class> <!-- com.sonicjobs.apitest.ProdUK_Login -->
      <class name="com.sonicjobs.apitest.ProdUS_Search">
        <test-method signature="newSearch()[pri:0, instance:com.sonicjobs.apitest.ProdUS_Search@a2431d0]" started-at="2024-02-21T12:35:46 IST" name="newSearch" finished-at="2024-02-21T12:35:48 IST" depends-on-methods="loginExistinguserUs" duration-ms="2645" status="PASS">
          <reporter-output>
          </reporter-output>
        </test-method> <!-- newSearch -->
        <test-method signature="newSerach2()[pri:0, instance:com.sonicjobs.apitest.ProdUS_Search@a2431d0]" started-at="2024-02-21T12:35:51 IST" name="newSerach2" finished-at="2024-02-21T12:35:55 IST" depends-on-methods="loginExistinguser2Us" duration-ms="4217" status="PASS">
          <reporter-output>
          </reporter-output>
        </test-method> <!-- newSerach2 -->
      </class> <!-- com.sonicjobs.apitest.ProdUS_Search -->
      <class name="com.sonicjobs.apitest.ProdUS_Login">
        <test-method signature="forceUpdateProdus()[pri:1, instance:com.sonicjobs.apitest.ProdUS_Login@31e5415e]" started-at="2024-02-21T12:35:43 IST" name="forceUpdateProdus" finished-at="2024-02-21T12:35:44 IST" duration-ms="1610" status="PASS">
          <reporter-output>
          </reporter-output>
        </test-method> <!-- forceUpdateProdus -->
        <test-method signature="loginExistinguserUs()[pri:2, instance:com.sonicjobs.apitest.ProdUS_Login@31e5415e]" started-at="2024-02-21T12:35:44 IST" name="loginExistinguserUs" finished-at="2024-02-21T12:35:46 IST" duration-ms="1614" status="PASS">
          <reporter-output>
          </reporter-output>
        </test-method> <!-- loginExistinguserUs -->
        <test-method signature="loginExistinguser2Us()[pri:3, instance:com.sonicjobs.apitest.ProdUS_Login@31e5415e]" started-at="2024-02-21T12:35:49 IST" name="loginExistinguser2Us" finished-at="2024-02-21T12:35:51 IST" duration-ms="1882" status="PASS">
          <reporter-output>
          </reporter-output>
        </test-method> <!-- loginExistinguser2Us -->
      </class> <!-- com.sonicjobs.apitest.ProdUS_Login -->
      <class name="com.sonicjobs.apitest.ProdUK_search">
        <test-method signature="oldSearch()[pri:0, instance:com.sonicjobs.apitest.ProdUK_search@34f5090e]" started-at="2024-02-21T12:35:46 IST" name="oldSearch" finished-at="2024-02-21T12:35:49 IST" depends-on-methods="loginExistinguserUk" duration-ms="3247" status="PASS">
          <reporter-output>
          </reporter-output>
        </test-method> <!-- oldSearch -->
        <test-method signature="newSearch()[pri:0, instance:com.sonicjobs.apitest.ProdUK_search@34f5090e]" started-at="2024-02-21T12:35:50 IST" name="newSearch" finished-at="2024-02-21T12:35:53 IST" depends-on-methods="loginExistinguser2Uk" duration-ms="3037" status="PASS">
          <reporter-output>
          </reporter-output>
        </test-method> <!-- newSearch -->
      </class> <!-- com.sonicjobs.apitest.ProdUK_search -->
    </test> <!-- Test -->
  </suite> <!-- Suite -->
</testng-results>
