<?xml version="1.0" encoding="UTF-8" ?>
<testsuite tests="10" failures="0" name="TestSuite" time="10.019" errors="0" skipped="0">
  <properties>
[...]
</properties>
  <testcase classname="com.sonicjobs.apitest.ProdUS_Login" name="forceUpdate_produs" time="1.712"/>
  <testcase classname="com.sonicjobs.apitest.ProdUK_Login" name="forceUpdate_produk" time="1.713"/>
  <testcase classname="com.sonicjobs.apitest.ProdUK_Login" name="login_existinguser_uk" time="1.37"/>
  <testcase classname="com.sonicjobs.apitest.ProdUS_Login" name="login_existinguser_us" time="0.275"/>
  <testcase classname="com.sonicjobs.apitest.ProdUK_search" name="oldSearch" time="1.791"/>
  <testcase classname="com.sonicjobs.apitest.ProdUS_Search" name="newSearch" time="0.046"/>
  <testcase classname="com.sonicjobs.apitest.ProdUK_Login" name="login_existinguser2_uk" time="1.525"/>
  <testcase classname="com.sonicjobs.apitest.ProdUS_Login" name="login_existinguser2_us" time="0.018"/>
  <testcase classname="com.sonicjobs.apitest.ProdUK_search" name="newSearch" time="1.872"/>
  <testcase classname="com.sonicjobs.apitest.ProdUS_Search" name="newSerach2" time="2.94"/>
</testsuite>