<?xml version="1.0" encoding="UTF-8" ?>
<testsuite tests="10" failures="0" name="TestSuite" time="11.372" errors="0" skipped="0">
  <properties>
[...]
</properties>
  <testcase classname="com.sonicjobs.apitest.ProdUsLogin" name="forceUpdateProdus" time="1.407"/>
  <testcase classname="com.sonicjobs.apitest.ProdUkLogin" name="forceUpdateProduk" time="1.408"/>
  <testcase classname="com.sonicjobs.apitest.ProdUkLogin" name="loginExistinguserUk" time="1.428"/>
  <testcase classname="com.sonicjobs.apitest.ProdUsLogin" name="loginExistinguserUs" time="0.151"/>
  <testcase classname="com.sonicjobs.apitest.ProdUkSearch" name="oldSearch" time="2.261"/>
  <testcase classname="com.sonicjobs.apitest.ProdUsSearch" name="newSearch" time="1.271"/>
  <testcase classname="com.sonicjobs.apitest.ProdUkLogin" name="loginExistinguser2Uk" time="0.166"/>
  <testcase classname="com.sonicjobs.apitest.ProdUsLogin" name="loginExistinguser2Us" time="1.358"/>
  <testcase classname="com.sonicjobs.apitest.ProdUkSearch" name="newSearch" time="1.201"/>
  <testcase classname="com.sonicjobs.apitest.ProdUsSearch" name="newSerach2" time="2.986"/>
</testsuite>