<?xml version="1.0" encoding="UTF-8"?>
<testng-results ignored="0" total="1" passed="1" failed="0" skipped="0">
  <reporter-output>
  </reporter-output>
  <suite started-at="2025-01-06T19:41:46 IST" name="Default suite" finished-at="2025-01-06T19:41:53 IST" duration-ms="6244">
    <groups>
    </groups>
    <test started-at="2025-01-06T19:41:46 IST" name="Default test" finished-at="2025-01-06T19:41:53 IST" duration-ms="6244">
      <class name="com.user.test.Createuser">
        <test-method signature="registerUser()[pri:0, instance:com.user.test.Createuser@4686afc2]" started-at="2025-01-06T19:41:46 IST" name="registerUser" finished-at="2025-01-06T19:41:53 IST" duration-ms="6209" status="PASS">
          <reporter-output>
          </reporter-output>
        </test-method> <!-- registerUser -->
      </class> <!-- com.user.test.Createuser -->
    </test> <!-- Default test -->
  </suite> <!-- Default suite -->
</testng-results>
